<?xml version="1.0" encoding="UTF-8"?>
<!-- Generated by org.testng.reporters.JUnitXMLReporter -->
<testsuite ignored="0" hostname="DESKTOP-3LAIULE" failures="2" tests="4" name="Test" time="28.581" errors="0" timestamp="2021-08-23T11:02:31 IST">
  <testcase classname="Tests.CompareTemperature" name="TC1_GetWeatherFromAccu" time="10.403"/>
  <testcase classname="Tests.CompareTemperature" name="TC2_GetWeatherFromOpenWeather" time="0.505"/>
  <testcase classname="Tests.CompareTemperature" name="TC3_CompareTwoWeathers" time="0.005">
    <failure type="java.lang.AssertionError" message="AccuWeather : 17.0 vs OpenWeather :16.22 did not match exactly! - did not expect to find [true] but found [false]">
      <![CDATA[java.lang.AssertionError: AccuWeather : 17.0 vs OpenWeather :16.22 did not match exactly! - did not expect to find [true] but found [false]
at Tests.CompareTemperature.TC3_CompareTwoWeathers(CompareTemperature.java:113)
at java.base/java.util.ArrayList.forEach(ArrayList.java:1511)
... Removed 30 stack frames]]>
    </failure>
  </testcase> <!-- TC3_CompareTwoWeathers -->
  <testcase classname="Tests.CompareTemperature" name="TC4_VerifyDifferenceInRange" time="0.007">
    <failure type="java.lang.AssertionError" message="The difference: 0.7800000000000011 is out of range. The range is 0.5 did not expect to find [true] but found [false]">
      <![CDATA[java.lang.AssertionError: The difference: 0.7800000000000011 is out of range. The range is 0.5 did not expect to find [true] but found [false]
at Tests.CompareTemperature.TC4_VerifyDifferenceInRange(CompareTemperature.java:129)
at java.base/java.util.ArrayList.forEach(ArrayList.java:1511)
... Removed 30 stack frames]]>
    </failure>
  </testcase> <!-- TC4_VerifyDifferenceInRange -->
</testsuite> <!-- Test -->
