<?xml version="1.0" encoding="UTF-8"?>
<!-- Generated by org.testng.reporters.JUnitXMLReporter -->
<testsuite hostname="DESKTOP-3LAIULE" ignored="0" name="Test" tests="4" failures="2" timestamp="2021-08-23T11:03:45 IST" time="13.19" errors="0">
  <testcase name="TC1_GetWeatherFromAccu" time="3.714" classname="Tests.CompareTemperature"/>
  <testcase name="TC2_GetWeatherFromOpenWeather" time="0.452" classname="Tests.CompareTemperature"/>
  <testcase name="TC3_CompareTwoWeathers" time="0.001" classname="Tests.CompareTemperature">
    <failure type="java.lang.AssertionError" message="AccuWeather : 17.0 vs OpenWeather :16.22 did not match exactly! - did not expect to find [true] but found [false]">
      <![CDATA[java.lang.AssertionError: AccuWeather : 17.0 vs OpenWeather :16.22 did not match exactly! - did not expect to find [true] but found [false]
at Tests.CompareTemperature.TC3_CompareTwoWeathers(CompareTemperature.java:112)
at java.util.ArrayList.forEach(ArrayList.java:1259)
... Removed 34 stack frames]]>
    </failure>
  </testcase> <!-- TC3_CompareTwoWeathers -->
  <testcase name="TC4_VerifyDifferenceInRange" time="0.0" classname="Tests.CompareTemperature">
    <failure type="java.lang.AssertionError" message="The difference: 0.7800000000000011 is out of range. The range is 0.5 did not expect to find [true] but found [false]">
      <![CDATA[java.lang.AssertionError: The difference: 0.7800000000000011 is out of range. The range is 0.5 did not expect to find [true] but found [false]
at Tests.CompareTemperature.TC4_VerifyDifferenceInRange(CompareTemperature.java:128)
at java.util.ArrayList.forEach(ArrayList.java:1259)
... Removed 34 stack frames]]>
    </failure>
  </testcase> <!-- TC4_VerifyDifferenceInRange -->
</testsuite> <!-- Test -->
